# JRE version: OpenJDK Runtime Environment (11.0.13) (build 11.0.13+0-b1751.21-8125866)
# Java VM: OpenJDK 64-Bit Server VM (11.0.13+0-b1751.21-8125866, mixed mode, tiered, compressed oops, g1 gc, windows-amd64)
Heap:
 garbage-first heap   total 354304K, used 125184K [0x0000000080000000, 0x0000000100000000)
  region size 1024K, 1 young (1024K), 1 survivors (1024K)
 Metaspace       used 124059K, capacity 127477K, committed 127880K, reserved 1161216K
  class space    used 15191K, capacity 16533K, committed 16696K, reserved 1048576K
GC Heap History (20 events):
Event: 5385.433 GC heap after
{Heap after GC invocations=105 (full 0):
 garbage-first heap   total 294912K, used 113180K [0x0000000080000000, 0x0000000100000000)
  region size 1024K, 2 young (2048K), 2 survivors (2048K)
 Metaspace       used 123753K, capacity 127304K, committed 127624K, reserved 1161216K
  class space    used 15209K, capacity 16554K, committed 16696K, reserved 1048576K
}
Event: 5385.717 GC heap before
{Heap before GC invocations=105 (full 0):
 garbage-first heap   total 294912K, used 125468K [0x0000000080000000, 0x0000000100000000)
  region size 1024K, 14 young (14336K), 2 survivors (2048K)
 Metaspace       used 123772K, capacity 127309K, committed 127624K, reserved 1161216K
  class space    used 15209K, capacity 16554K, committed 16696K, reserved 1048576K
}
Event: 5385.746 GC heap after
{Heap after GC invocations=106 (full 0):
 garbage-first heap   total 294912K, used 110889K [0x0000000080000000, 0x0000000100000000)
  region size 1024K, 2 young (2048K), 2 survivors (2048K)
 Metaspace       used 123772K, capacity 127309K, committed 127624K, reserved 1161216K
  class space    used 15209K, capacity 16554K, committed 16696K, reserved 1048576K
}
Event: 5388.967 GC heap before
{Heap before GC invocations=106 (full 0):
 garbage-first heap   total 294912K, used 127273K [0x0000000080000000, 0x0000000100000000)
  region size 1024K, 19 young (19456K), 2 survivors (2048K)
 Metaspace       used 123781K, capacity 127316K, committed 127624K, reserved 1161216K
  class space    used 15209K, capacity 16556K, committed 16696K, reserved 1048576K
}
Event: 5389.058 GC heap after
{Heap after GC invocations=107 (full 0):
 garbage-first heap   total 294912K, used 113984K [0x0000000080000000, 0x0000000100000000)
  region size 1024K, 4 young (4096K), 4 survivors (4096K)
 Metaspace       used 123781K, capacity 127316K, committed 127624K, reserved 1161216K
  class space    used 15209K, capacity 16556K, committed 16696K, reserved 1048576K
}
Event: 5391.540 GC heap before
{Heap before GC invocations=108 (full 0):
 garbage-first heap   total 294912K, used 142656K [0x0000000080000000, 0x0000000100000000)
  region size 1024K, 30 young (30720K), 4 survivors (4096K)
 Metaspace       used 123783K, capacity 127316K, committed 127624K, reserved 1161216K
  class space    used 15209K, capacity 16556K, committed 16696K, reserved 1048576K
}
Event: 5391.598 GC heap after
{Heap after GC invocations=109 (full 0):
 garbage-first heap   total 294912K, used 123522K [0x0000000080000000, 0x0000000100000000)
  region size 1024K, 4 young (4096K), 4 survivors (4096K)
 Metaspace       used 123783K, capacity 127316K, committed 127624K, reserved 1161216K
  class space    used 15209K, capacity 16556K, committed 16696K, reserved 1048576K
}
Event: 5391.674 GC heap before
{Heap before GC invocations=109 (full 0):
 garbage-first heap   total 294912K, used 132738K [0x0000000080000000, 0x0000000100000000)
  region size 1024K, 14 young (14336K), 4 survivors (4096K)
 Metaspace       used 123786K, capacity 127316K, committed 127624K, reserved 1161216K
  class space    used 15209K, capacity 16556K, committed 16696K, reserved 1048576K
}
Event: 5391.723 GC heap after
{Heap after GC invocations=110 (full 0):
 garbage-first heap   total 294912K, used 125952K [0x0000000080000000, 0x0000000100000000)
  region size 1024K, 2 young (2048K), 2 survivors (2048K)
 Metaspace       used 123786K, capacity 127316K, committed 127624K, reserved 1161216K
  class space    used 15209K, capacity 16556K, committed 16696K, reserved 1048576K
}
Event: 5392.126 GC heap before
{Heap before GC invocations=110 (full 0):
 garbage-first heap   total 294912K, used 162816K [0x0000000080000000, 0x0000000100000000)
  region size 1024K, 38 young (38912K), 2 survivors (2048K)
 Metaspace       used 124051K, capacity 127614K, committed 127880K, reserved 1161216K
  class space    used 15231K, capacity 16594K, committed 16696K, reserved 1048576K
}
Event: 5392.165 GC heap after
{Heap after GC invocations=111 (full 0):
 garbage-first heap   total 294912K, used 131072K [0x0000000080000000, 0x0000000100000000)
  region size 1024K, 5 young (5120K), 5 survivors (5120K)
 Metaspace       used 124051K, capacity 127614K, committed 127880K, reserved 1161216K
  class space    used 15231K, capacity 16594K, committed 16696K, reserved 1048576K
}
Event: 5393.836 GC heap before
{Heap before GC invocations=112 (full 0):
 garbage-first heap   total 294912K, used 169984K [0x0000000080000000, 0x0000000100000000)
  region size 1024K, 43 young (44032K), 5 survivors (5120K)
 Metaspace       used 123938K, capacity 127342K, committed 127880K, reserved 1161216K
  class space    used 15198K, capacity 16531K, committed 16696K, reserved 1048576K
}
Event: 5393.905 GC heap after
{Heap after GC invocations=113 (full 0):
 garbage-first heap   total 294912K, used 133783K [0x0000000080000000, 0x0000000100000000)
  region size 1024K, 3 young (3072K), 3 survivors (3072K)
 Metaspace       used 123938K, capacity 127342K, committed 127880K, reserved 1161216K
  class space    used 15198K, capacity 16531K, committed 16696K, reserved 1048576K
}
Event: 5394.248 GC heap before
{Heap before GC invocations=113 (full 0):
 garbage-first heap   total 294912K, used 148119K [0x0000000080000000, 0x0000000100000000)
  region size 1024K, 14 young (14336K), 3 survivors (3072K)
 Metaspace       used 123998K, capacity 127397K, committed 127880K, reserved 1161216K
  class space    used 15203K, capacity 16540K, committed 16696K, reserved 1048576K
}
Event: 5394.291 GC heap after
{Heap after GC invocations=114 (full 0):
 garbage-first heap   total 294912K, used 133230K [0x0000000080000000, 0x0000000100000000)
  region size 1024K, 2 young (2048K), 2 survivors (2048K)
 Metaspace       used 123998K, capacity 127397K, committed 127880K, reserved 1161216K
  class space    used 15203K, capacity 16540K, committed 16696K, reserved 1048576K
}
Event: 5394.615 GC heap before
{Heap before GC invocations=114 (full 0):
 garbage-first heap   total 294912K, used 163950K [0x0000000080000000, 0x0000000100000000)
  region size 1024K, 33 young (33792K), 2 survivors (2048K)
 Metaspace       used 124074K, capacity 127478K, committed 127880K, reserved 1161216K
  class space    used 15205K, capacity 16541K, committed 16696K, reserved 1048576K
}
Event: 5394.661 GC heap after
{Heap after GC invocations=115 (full 0):
 garbage-first heap   total 294912K, used 139624K [0x0000000080000000, 0x0000000100000000)
  region size 1024K, 5 young (5120K), 5 survivors (5120K)
 Metaspace       used 124074K, capacity 127478K, committed 127880K, reserved 1161216K
  class space    used 15205K, capacity 16541K, committed 16696K, reserved 1048576K
}
Event: 5396.127 GC heap before
{Heap before GC invocations=116 (full 0):
 garbage-first heap   total 294912K, used 168296K [0x0000000080000000, 0x0000000100000000)
  region size 1024K, 36 young (36864K), 5 survivors (5120K)
 Metaspace       used 124012K, capacity 127475K, committed 127880K, reserved 1161216K
  class space    used 15191K, capacity 16533K, committed 16696K, reserved 1048576K
}
Event: 5396.168 GC heap after
{Heap after GC invocations=117 (full 0):
 garbage-first heap   total 294912K, used 141802K [0x0000000080000000, 0x0000000100000000)
  region size 1024K, 5 young (5120K), 5 survivors (5120K)
 Metaspace       used 124012K, capacity 127475K, committed 127880K, reserved 1161216K
  class space    used 15191K, capacity 16533K, committed 16696K, reserved 1048576K
}
Event: 5396.431 GC heap before
{Heap before GC invocations=117 (full 0):
 garbage-first heap   total 294912K, used 151018K [0x0000000080000000, 0x0000000100000000)
  region size 1024K, 14 young (14336K), 5 survivors (5120K)
 Metaspace       used 124059K, capacity 127477K, committed 127880K, reserved 1161216K
  class space    used 15191K, capacity 16533K, committed 16696K, reserved 1048576K
}

