# JRE version: OpenJDK Runtime Environment (11.0.13) (build 11.0.13+0-b1751.21-8125866)
# Java VM: OpenJDK 64-Bit Server VM (11.0.13+0-b1751.21-8125866, mixed mode, tiered, compressed oops, g1 gc, windows-amd64)
Heap:
 garbage-first heap   total 473088K, used 248320K [0x0000000080000000, 0x0000000100000000)
  region size 1024K, 4 young (4096K), 4 survivors (4096K)
 Metaspace       used 95531K, capacity 97837K, committed 98128K, reserved 1134592K
  class space    used 12393K, capacity 13254K, committed 13312K, reserved 1048576K
GC Heap History (20 events):
Event: 40.302 GC heap after
{Heap after GC invocations=35 (full 0):
 garbage-first heap   total 239616K, used 98251K [0x0000000080000000, 0x0000000100000000)
  region size 1024K, 5 young (5120K), 5 survivors (5120K)
 Metaspace       used 89091K, capacity 91312K, committed 91472K, reserved 1128448K
  class space    used 11413K, capacity 12213K, committed 12288K, reserved 1048576K
}
Event: 43.081 GC heap before
{Heap before GC invocations=35 (full 0):
 garbage-first heap   total 239616K, used 161739K [0x0000000080000000, 0x0000000100000000)
  region size 1024K, 55 young (56320K), 5 survivors (5120K)
 Metaspace       used 92877K, capacity 95157K, committed 95312K, reserved 1132544K
  class space    used 11905K, capacity 12750K, committed 12800K, reserved 1048576K
}
Event: 43.111 GC heap after
{Heap after GC invocations=36 (full 0):
 garbage-first heap   total 239616K, used 123904K [0x0000000080000000, 0x0000000100000000)
  region size 1024K, 11 young (11264K), 11 survivors (11264K)
 Metaspace       used 92877K, capacity 95157K, committed 95312K, reserved 1132544K
  class space    used 11905K, capacity 12750K, committed 12800K, reserved 1048576K
}
Event: 44.049 GC heap before
{Heap before GC invocations=37 (full 0):
 garbage-first heap   total 239616K, used 214016K [0x0000000080000000, 0x0000000100000000)
  region size 1024K, 70 young (71680K), 11 survivors (11264K)
 Metaspace       used 93157K, capacity 95389K, committed 95568K, reserved 1132544K
  class space    used 11948K, capacity 12784K, committed 12800K, reserved 1048576K
}
Event: 44.219 GC heap after
{Heap after GC invocations=38 (full 0):
 garbage-first heap   total 250880K, used 159180K [0x0000000080000000, 0x0000000100000000)
  region size 1024K, 9 young (9216K), 9 survivors (9216K)
 Metaspace       used 93157K, capacity 95389K, committed 95568K, reserved 1132544K
  class space    used 11948K, capacity 12784K, committed 12800K, reserved 1048576K
}
Event: 44.794 GC heap before
{Heap before GC invocations=39 (full 0):
 garbage-first heap   total 250880K, used 162252K [0x0000000080000000, 0x0000000100000000)
  region size 1024K, 12 young (12288K), 9 survivors (9216K)
 Metaspace       used 93157K, capacity 95389K, committed 95568K, reserved 1132544K
  class space    used 11948K, capacity 12784K, committed 12800K, reserved 1048576K
}
Event: 44.851 GC heap after
{Heap after GC invocations=40 (full 0):
 garbage-first heap   total 250880K, used 160768K [0x0000000080000000, 0x0000000100000000)
  region size 1024K, 2 young (2048K), 2 survivors (2048K)
 Metaspace       used 93157K, capacity 95389K, committed 95568K, reserved 1132544K
  class space    used 11948K, capacity 12784K, committed 12800K, reserved 1048576K
}
Event: 45.466 GC heap before
{Heap before GC invocations=41 (full 0):
 garbage-first heap   total 250880K, used 188416K [0x0000000080000000, 0x0000000100000000)
  region size 1024K, 28 young (28672K), 2 survivors (2048K)
 Metaspace       used 93157K, capacity 95389K, committed 95568K, reserved 1132544K
  class space    used 11948K, capacity 12784K, committed 12800K, reserved 1048576K
}
Event: 45.527 GC heap after
{Heap after GC invocations=42 (full 0):
 garbage-first heap   total 250880K, used 172032K [0x0000000080000000, 0x0000000100000000)
  region size 1024K, 4 young (4096K), 4 survivors (4096K)
 Metaspace       used 93157K, capacity 95389K, committed 95568K, reserved 1132544K
  class space    used 11948K, capacity 12784K, committed 12800K, reserved 1048576K
}
Event: 45.569 GC heap before
{Heap before GC invocations=42 (full 0):
 garbage-first heap   total 250880K, used 178176K [0x0000000080000000, 0x0000000100000000)
  region size 1024K, 11 young (11264K), 4 survivors (4096K)
 Metaspace       used 93157K, capacity 95390K, committed 95568K, reserved 1132544K
  class space    used 11948K, capacity 12784K, committed 12800K, reserved 1048576K
}
Event: 45.610 GC heap after
{Heap after GC invocations=43 (full 0):
 garbage-first heap   total 250880K, used 175616K [0x0000000080000000, 0x0000000100000000)
  region size 1024K, 3 young (3072K), 3 survivors (3072K)
 Metaspace       used 93157K, capacity 95390K, committed 95568K, reserved 1132544K
  class space    used 11948K, capacity 12784K, committed 12800K, reserved 1048576K
}
Event: 46.797 GC heap before
{Heap before GC invocations=44 (full 0):
 garbage-first heap   total 250880K, used 197120K [0x0000000080000000, 0x0000000100000000)
  region size 1024K, 22 young (22528K), 3 survivors (3072K)
 Metaspace       used 95420K, capacity 97697K, committed 97872K, reserved 1134592K
  class space    used 12392K, capacity 13252K, committed 13312K, reserved 1048576K
}
Event: 46.852 GC heap after
{Heap after GC invocations=45 (full 0):
 garbage-first heap   total 329728K, used 185273K [0x0000000080000000, 0x0000000100000000)
  region size 1024K, 3 young (3072K), 3 survivors (3072K)
 Metaspace       used 95420K, capacity 97697K, committed 97872K, reserved 1134592K
  class space    used 12392K, capacity 13252K, committed 13312K, reserved 1048576K
}
Event: 48.099 GC heap before
{Heap before GC invocations=45 (full 0):
 garbage-first heap   total 329728K, used 227257K [0x0000000080000000, 0x0000000100000000)
  region size 1024K, 45 young (46080K), 3 survivors (3072K)
 Metaspace       used 95518K, capacity 97833K, committed 98128K, reserved 1134592K
  class space    used 12393K, capacity 13253K, committed 13312K, reserved 1048576K
}
Event: 48.207 GC heap after
{Heap after GC invocations=46 (full 0):
 garbage-first heap   total 329728K, used 206848K [0x0000000080000000, 0x0000000100000000)
  region size 1024K, 6 young (6144K), 6 survivors (6144K)
 Metaspace       used 95518K, capacity 97833K, committed 98128K, reserved 1134592K
  class space    used 12393K, capacity 13253K, committed 13312K, reserved 1048576K
}
Event: 50.569 GC heap before
{Heap before GC invocations=47 (full 0):
 garbage-first heap   total 329728K, used 232448K [0x0000000080000000, 0x0000000100000000)
  region size 1024K, 32 young (32768K), 6 survivors (6144K)
 Metaspace       used 95520K, capacity 97837K, committed 98128K, reserved 1134592K
  class space    used 12393K, capacity 13254K, committed 13312K, reserved 1048576K
}
Event: 50.669 GC heap after
{Heap after GC invocations=48 (full 0):
 garbage-first heap   total 329728K, used 219136K [0x0000000080000000, 0x0000000100000000)
  region size 1024K, 4 young (4096K), 4 survivors (4096K)
 Metaspace       used 95520K, capacity 97837K, committed 98128K, reserved 1134592K
  class space    used 12393K, capacity 13254K, committed 13312K, reserved 1048576K
}
Event: 51.187 GC heap before
{Heap before GC invocations=48 (full 0):
 garbage-first heap   total 329728K, used 249856K [0x0000000080000000, 0x0000000100000000)
  region size 1024K, 34 young (34816K), 4 survivors (4096K)
 Metaspace       used 95529K, capacity 97837K, committed 98128K, reserved 1134592K
  class space    used 12393K, capacity 13254K, committed 13312K, reserved 1048576K
}
Event: 51.248 GC heap after
{Heap after GC invocations=49 (full 0):
 garbage-first heap   total 329728K, used 235008K [0x0000000080000000, 0x0000000100000000)
  region size 1024K, 5 young (5120K), 5 survivors (5120K)
 Metaspace       used 95529K, capacity 97837K, committed 98128K, reserved 1134592K
  class space    used 12393K, capacity 13254K, committed 13312K, reserved 1048576K
}
Event: 53.616 GC heap before
{Heap before GC invocations=50 (full 0):
 garbage-first heap   total 329728K, used 260608K [0x0000000080000000, 0x0000000100000000)
  region size 1024K, 30 young (30720K), 5 survivors (5120K)
 Metaspace       used 95531K, capacity 97837K, committed 98128K, reserved 1134592K
  class space    used 12393K, capacity 13254K, committed 13312K, reserved 1048576K
}

