# JRE version: OpenJDK Runtime Environment (11.0.13) (build 11.0.13+0-b1751.21-8125866)
# Java VM: OpenJDK 64-Bit Server VM (11.0.13+0-b1751.21-8125866, mixed mode, tiered, compressed oops, g1 gc, windows-amd64)
Heap:
 garbage-first heap   total 422912K, used 233472K [0x0000000080000000, 0x0000000100000000)
  region size 1024K, 3 young (3072K), 3 survivors (3072K)
 Metaspace       used 111442K, capacity 114034K, committed 114256K, reserved 1148928K
  class space    used 13818K, capacity 14757K, committed 14848K, reserved 1048576K
GC Heap History (20 events):
Event: 101.390 GC heap after
{Heap after GC invocations=76 (full 0):
 garbage-first heap   total 239616K, used 123364K [0x0000000080000000, 0x0000000100000000)
  region size 1024K, 5 young (5120K), 5 survivors (5120K)
 Metaspace       used 105509K, capacity 107991K, committed 108112K, reserved 1144832K
  class space    used 12877K, capacity 13792K, committed 13824K, reserved 1048576K
}
Event: 104.093 GC heap before
{Heap before GC invocations=76 (full 0):
 garbage-first heap   total 239616K, used 180708K [0x0000000080000000, 0x0000000100000000)
  region size 1024K, 62 young (63488K), 5 survivors (5120K)
 Metaspace       used 105874K, capacity 108342K, committed 108368K, reserved 1144832K
  class space    used 12917K, capacity 13802K, committed 13824K, reserved 1048576K
}
Event: 104.125 GC heap after
{Heap after GC invocations=77 (full 0):
 garbage-first heap   total 239616K, used 125790K [0x0000000080000000, 0x0000000100000000)
  region size 1024K, 4 young (4096K), 4 survivors (4096K)
 Metaspace       used 105874K, capacity 108342K, committed 108368K, reserved 1144832K
  class space    used 12917K, capacity 13802K, committed 13824K, reserved 1048576K
}
Event: 105.309 GC heap before
{Heap before GC invocations=77 (full 0):
 garbage-first heap   total 239616K, used 166750K [0x0000000080000000, 0x0000000100000000)
  region size 1024K, 26 young (26624K), 4 survivors (4096K)
 Metaspace       used 108775K, capacity 111198K, committed 111440K, reserved 1146880K
  class space    used 13327K, capacity 14222K, committed 14336K, reserved 1048576K
}
Event: 105.330 GC heap after
{Heap after GC invocations=78 (full 0):
 garbage-first heap   total 239616K, used 151808K [0x0000000080000000, 0x0000000100000000)
  region size 1024K, 8 young (8192K), 8 survivors (8192K)
 Metaspace       used 108775K, capacity 111198K, committed 111440K, reserved 1146880K
  class space    used 13327K, capacity 14222K, committed 14336K, reserved 1048576K
}
Event: 106.117 GC heap before
{Heap before GC invocations=79 (full 0):
 garbage-first heap   total 239616K, used 208128K [0x0000000080000000, 0x0000000100000000)
  region size 1024K, 43 young (44032K), 8 survivors (8192K)
 Metaspace       used 109052K, capacity 111590K, committed 111696K, reserved 1146880K
  class space    used 13370K, capacity 14288K, committed 14336K, reserved 1048576K
}
Event: 106.152 GC heap after
{Heap after GC invocations=80 (full 0):
 garbage-first heap   total 239616K, used 172992K [0x0000000080000000, 0x0000000100000000)
  region size 1024K, 6 young (6144K), 6 survivors (6144K)
 Metaspace       used 109052K, capacity 111590K, committed 111696K, reserved 1146880K
  class space    used 13370K, capacity 14288K, committed 14336K, reserved 1048576K
}
Event: 106.206 GC heap before
{Heap before GC invocations=80 (full 0):
 garbage-first heap   total 239616K, used 178112K [0x0000000080000000, 0x0000000100000000)
  region size 1024K, 11 young (11264K), 6 survivors (6144K)
 Metaspace       used 109052K, capacity 111590K, committed 111696K, reserved 1146880K
  class space    used 13370K, capacity 14288K, committed 14336K, reserved 1048576K
}
Event: 106.236 GC heap after
{Heap after GC invocations=81 (full 0):
 garbage-first heap   total 239616K, used 163840K [0x0000000080000000, 0x0000000100000000)
  region size 1024K, 2 young (2048K), 2 survivors (2048K)
 Metaspace       used 109052K, capacity 111590K, committed 111696K, reserved 1146880K
  class space    used 13370K, capacity 14288K, committed 14336K, reserved 1048576K
}
Event: 106.574 GC heap before
{Heap before GC invocations=81 (full 0):
 garbage-first heap   total 239616K, used 192512K [0x0000000080000000, 0x0000000100000000)
  region size 1024K, 29 young (29696K), 2 survivors (2048K)
 Metaspace       used 109053K, capacity 111590K, committed 111696K, reserved 1146880K
  class space    used 13370K, capacity 14288K, committed 14336K, reserved 1048576K
}
Event: 106.640 GC heap after
{Heap after GC invocations=82 (full 0):
 garbage-first heap   total 239616K, used 177664K [0x0000000080000000, 0x0000000100000000)
  region size 1024K, 4 young (4096K), 4 survivors (4096K)
 Metaspace       used 109053K, capacity 111590K, committed 111696K, reserved 1146880K
  class space    used 13370K, capacity 14288K, committed 14336K, reserved 1048576K
}
Event: 107.143 GC heap before
{Heap before GC invocations=82 (full 0):
 garbage-first heap   total 239616K, used 197120K [0x0000000080000000, 0x0000000100000000)
  region size 1024K, 23 young (23552K), 4 survivors (4096K)
 Metaspace       used 109053K, capacity 111590K, committed 111696K, reserved 1146880K
  class space    used 13370K, capacity 14288K, committed 14336K, reserved 1048576K
}
Event: 107.209 GC heap after
{Heap after GC invocations=83 (full 0):
 garbage-first heap   total 287744K, used 184576K [0x0000000080000000, 0x0000000100000000)
  region size 1024K, 3 young (3072K), 3 survivors (3072K)
 Metaspace       used 109053K, capacity 111590K, committed 111696K, reserved 1146880K
  class space    used 13370K, capacity 14288K, committed 14336K, reserved 1048576K
}
Event: 110.126 GC heap before
{Heap before GC invocations=83 (full 0):
 garbage-first heap   total 287744K, used 219392K [0x0000000080000000, 0x0000000100000000)
  region size 1024K, 35 young (35840K), 3 survivors (3072K)
 Metaspace       used 111389K, capacity 113961K, committed 114256K, reserved 1148928K
  class space    used 13817K, capacity 14756K, committed 14848K, reserved 1048576K
}
Event: 110.207 GC heap after
{Heap after GC invocations=84 (full 0):
 garbage-first heap   total 287744K, used 200192K [0x0000000080000000, 0x0000000100000000)
  region size 1024K, 5 young (5120K), 5 survivors (5120K)
 Metaspace       used 111389K, capacity 113961K, committed 114256K, reserved 1148928K
  class space    used 13817K, capacity 14756K, committed 14848K, reserved 1048576K
}
Event: 112.088 GC heap before
{Heap before GC invocations=84 (full 0):
 garbage-first heap   total 287744K, used 226816K [0x0000000080000000, 0x0000000100000000)
  region size 1024K, 31 young (31744K), 5 survivors (5120K)
 Metaspace       used 111437K, capacity 114033K, committed 114256K, reserved 1148928K
  class space    used 13818K, capacity 14757K, committed 14848K, reserved 1048576K
}
Event: 112.216 GC heap after
{Heap after GC invocations=85 (full 0):
 garbage-first heap   total 287744K, used 214016K [0x0000000080000000, 0x0000000100000000)
  region size 1024K, 4 young (4096K), 4 survivors (4096K)
 Metaspace       used 111437K, capacity 114033K, committed 114256K, reserved 1148928K
  class space    used 13818K, capacity 14757K, committed 14848K, reserved 1048576K
}
Event: 113.026 GC heap before
{Heap before GC invocations=85 (full 0):
 garbage-first heap   total 287744K, used 234496K [0x0000000080000000, 0x0000000100000000)
  region size 1024K, 24 young (24576K), 4 survivors (4096K)
 Metaspace       used 111442K, capacity 114034K, committed 114256K, reserved 1148928K
  class space    used 13818K, capacity 14757K, committed 14848K, reserved 1048576K
}
Event: 113.074 GC heap after
{Heap after GC invocations=86 (full 0):
 garbage-first heap   total 287744K, used 224768K [0x0000000080000000, 0x0000000100000000)
  region size 1024K, 3 young (3072K), 3 survivors (3072K)
 Metaspace       used 111442K, capacity 114034K, committed 114256K, reserved 1148928K
  class space    used 13818K, capacity 14757K, committed 14848K, reserved 1048576K
}
Event: 115.076 GC heap before
{Heap before GC invocations=86 (full 0):
 garbage-first heap   total 287744K, used 240128K [0x0000000080000000, 0x0000000100000000)
  region size 1024K, 18 young (18432K), 3 survivors (3072K)
 Metaspace       used 111442K, capacity 114034K, committed 114256K, reserved 1148928K
  class space    used 13818K, capacity 14757K, committed 14848K, reserved 1048576K
}

